{"level":"fatal","message":"Error trying to connect database.","timestamp":"2025-12-12T23:41:21.996Z"}
{"level":"fatal","message":"Fatal error in dev mode.","timestamp":"2025-12-12T23:51:10.249Z"}
{"level":"error","message":"Error in dev mode.","timestamp":"2025-12-12T23:51:10.253Z"}
{"level":"fatal","message":"Fatal error in dev mode.","timestamp":"2025-12-12T23:51:57.122Z"}
{"level":"error","message":"Error in dev mode.","timestamp":"2025-12-12T23:51:57.128Z"}
{"level":"fatal","message":"Fatal error in dev mode.","timestamp":"2025-12-12T23:57:54.141Z"}
{"level":"error","message":"Error in dev mode.","timestamp":"2025-12-12T23:57:54.143Z"}
{"level":"error","message":"Unable to get all users.","timestamp":"2025-12-13T00:00:51.920Z"}
{"level":"error","message":"Error trying to get all users.","timestamp":"2025-12-13T00:04:50.846Z"}
{"level":"error","message":"Error trying to get current session","timestamp":"2025-12-14T20:06:07.486Z"}
{"level":"error","message":"Error trying to get current session","timestamp":"2025-12-14T20:06:50.665Z"}
{"level":"error","message":"Error trying to get unprotected current session","timestamp":"2025-12-14T20:32:22.684Z"}
{"level":"error","message":"Error trying to get unprotected current session","timestamp":"2025-12-14T20:32:23.883Z"}
{"level":"error","message":"Error trying to get unprotected current session","timestamp":"2025-12-14T20:32:59.610Z"}
{"level":"error","message":"Error trying to get unprotected current session","timestamp":"2025-12-14T20:33:21.138Z"}
{"level":"error","message":"Error trying to get unprotected current session","timestamp":"2025-12-14T20:33:30.454Z"}
{"level":"error","message":"Error trying to create new pet.","timestamp":"2025-12-15T22:32:55.330Z"}
{"level":"error","message":"Error trying to create new pet.","timestamp":"2025-12-15T22:37:01.696Z"}
{"level":"error","message":"Error trying to create new pet.","timestamp":"2025-12-15T22:38:40.740Z"}
{"level":"error","message":"Error trying to create new pet.","timestamp":"2025-12-15T22:44:10.025Z"}
{"level":"error","message":"Error trying to create new pet.","timestamp":"2025-12-15T22:46:50.638Z"}
{"level":"error","message":"Error trying to create new pet.","timestamp":"2025-12-15T22:47:16.986Z"}
{"level":"error","message":"Error trying to create new pet.","timestamp":"2025-12-15T22:48:02.397Z"}
{"level":"error","message":"Error trying to create new pet.","timestamp":"2025-12-15T22:50:22.284Z"}
{"level":"error","message":"Error trying to create new pet.","timestamp":"2025-12-15T22:51:14.513Z"}
{"level":"error","message":"Error trying to create new pet.","timestamp":"2025-12-15T22:53:33.493Z"}
{"level":"error","message":"Error trying to create new pet.","timestamp":"2025-12-15T23:11:01.943Z"}
{"level":"error","message":"Error trying to create new pet.","timestamp":"2025-12-15T23:12:11.926Z"}
{"level":"error","message":"Error trying to create new pet.","timestamp":"2025-12-15T23:13:04.109Z"}
{"level":"error","message":"Error trying to create pet with image.","timestamp":"2025-12-17T02:49:12.230Z"}
{"level":"error","message":"Error trying to create new user.","timestamp":"2025-12-17T17:37:01.324Z"}
{"level":"error","message":"Error trying to create new user.","timestamp":"2025-12-17T17:37:25.415Z"}
{"level":"error","message":"Error trying to create new user.","timestamp":"2025-12-17T17:38:52.701Z"}
{"level":"error","message":"Error trying to create new user.","timestamp":"2025-12-17T17:39:35.207Z"}
{"level":"error","message":"Error trying to login","timestamp":"2025-12-17T18:40:55.993Z"}
{"level":"error","message":"Error trying to login","timestamp":"2025-12-17T18:46:30.901Z"}
{"level":"error","message":"Error trying to login","timestamp":"2025-12-17T18:48:20.311Z"}
{"level":"error","message":"Error trying to login","timestamp":"2025-12-17T18:50:19.863Z"}
{"level":"error","message":"Error trying to login","timestamp":"2025-12-17T18:50:44.190Z"}
{"level":"error","message":"Error trying to login","timestamp":"2025-12-17T18:52:01.004Z"}
{"level":"error","message":"Error trying to unprotected login","timestamp":"2025-12-18T01:56:22.013Z"}
{"level":"error","message":"Error trying to unprotected login","timestamp":"2025-12-18T02:00:19.602Z"}
{"level":"error","message":"Error trying to unprotected login","timestamp":"2025-12-18T02:09:44.109Z"}
{"level":"error","message":"Error trying to unprotected login","timestamp":"2025-12-18T02:09:44.177Z"}
{"level":"error","message":"Error trying to unprotected login","timestamp":"2025-12-18T02:11:18.828Z"}
{"level":"error","message":"Error trying to unprotected login","timestamp":"2025-12-18T02:11:18.896Z"}
{"level":"error","message":"Error trying to unprotected login","timestamp":"2025-12-18T02:12:08.099Z"}
{"level":"error","message":"Error trying to unprotected login","timestamp":"2025-12-18T02:12:08.167Z"}
{"level":"error","message":"Error trying to unprotected login","timestamp":"2025-12-18T02:13:34.958Z"}
{"level":"error","message":"Error trying to unprotected login","timestamp":"2025-12-18T02:13:35.026Z"}
{"level":"error","message":"Error trying to unprotected login","timestamp":"2025-12-18T02:14:17.975Z"}
{"level":"error","message":"Error trying to unprotected login","timestamp":"2025-12-18T02:14:18.045Z"}
{"level":"error","message":"Error trying to unprotected login","timestamp":"2025-12-18T02:15:02.444Z"}
{"level":"error","message":"Error trying to unprotected login","timestamp":"2025-12-18T02:15:02.512Z"}
{"level":"error","message":"Error trying to unprotected login","timestamp":"2025-12-18T02:15:30.202Z"}
{"level":"error","message":"Error trying to unprotected login","timestamp":"2025-12-18T02:15:30.272Z"}
{"level":"error","message":"Error trying to unprotected login","timestamp":"2025-12-18T02:16:12.739Z"}
{"level":"error","message":"Error trying to unprotected login","timestamp":"2025-12-18T02:16:12.809Z"}
{"level":"error","message":"Error trying to unprotected login","timestamp":"2025-12-18T02:16:35.420Z"}
{"level":"error","message":"Error trying to unprotected login","timestamp":"2025-12-18T02:16:35.491Z"}
{"level":"error","message":"Error trying to unprotected login","timestamp":"2025-12-18T02:17:59.172Z"}
{"level":"error","message":"Error trying to unprotected login","timestamp":"2025-12-18T02:17:59.242Z"}
{"level":"error","message":"Error trying to unprotected login","timestamp":"2025-12-18T02:19:45.126Z"}
{"level":"error","message":"Error trying to unprotected login","timestamp":"2025-12-18T02:19:45.193Z"}
{"level":"error","message":"Error trying to unprotected login","timestamp":"2025-12-18T02:21:50.047Z"}
{"level":"error","message":"Error trying to unprotected login","timestamp":"2025-12-18T02:21:50.116Z"}
{"level":"error","message":"Error trying to unprotected login","timestamp":"2025-12-18T02:24:13.817Z"}
{"level":"error","message":"Error trying to unprotected login","timestamp":"2025-12-18T02:24:58.782Z"}
{"level":"error","message":"Error trying to unprotected login","timestamp":"2025-12-18T02:25:19.225Z"}
{"level":"error","message":"Error trying to unprotected login","timestamp":"2025-12-18T02:26:02.930Z"}
{"level":"error","message":"Error trying to unprotected login","timestamp":"2025-12-18T02:27:02.400Z"}
{"level":"error","message":"Error trying to unprotected login","timestamp":"2025-12-18T02:27:40.724Z"}
{"level":"error","message":"Error trying to unprotected login","timestamp":"2025-12-18T02:29:21.759Z"}
{"level":"error","message":"Error trying to unprotected login","timestamp":"2025-12-18T02:30:08.735Z"}
{"level":"error","message":"Error trying to unprotected login","timestamp":"2025-12-18T02:31:16.653Z"}
{"level":"error","message":"Error trying to unprotected login","timestamp":"2025-12-18T02:33:32.110Z"}
{"level":"error","message":"Error trying to unprotected login","timestamp":"2025-12-18T02:35:08.786Z"}
{"level":"error","message":"Error trying to unprotected login","timestamp":"2025-12-18T02:35:33.678Z"}
{"level":"error","message":"Error trying to unprotected login","timestamp":"2025-12-18T02:37:08.950Z"}
{"level":"error","message":"Error trying to unprotected login","timestamp":"2025-12-18T02:39:02.732Z"}
{"level":"error","message":"Error trying to unprotected login","timestamp":"2025-12-18T02:39:51.714Z"}
{"level":"error","message":"Error trying to unprotected login","timestamp":"2025-12-18T02:42:28.744Z"}
{"level":"error","message":"Error trying to unprotected login","timestamp":"2025-12-18T02:44:33.620Z"}
{"level":"error","message":"Error trying to unprotected login","timestamp":"2025-12-18T02:45:17.349Z"}
{"level":"error","message":"Error trying to unprotected login","timestamp":"2025-12-18T02:45:45.183Z"}
{"level":"error","message":"Error trying to unprotected login","timestamp":"2025-12-18T02:45:56.882Z"}
{"level":"error","message":"Error trying to unprotected login","timestamp":"2025-12-18T02:46:35.705Z"}
{"level":"error","message":"Error trying to unprotected login","timestamp":"2025-12-18T02:47:27.694Z"}
{"level":"error","message":"Error trying to unprotected login","timestamp":"2025-12-18T02:49:07.212Z"}
{"level":"error","message":"Error trying to unprotected login","timestamp":"2025-12-18T02:49:37.242Z"}
{"level":"error","message":"Error trying to unprotected login","timestamp":"2025-12-18T02:52:04.078Z"}
{"level":"error","message":"Error trying to unprotected login","timestamp":"2025-12-18T02:52:30.952Z"}
{"level":"error","message":"Error trying to unprotected login","timestamp":"2025-12-18T02:55:51.892Z"}
{"level":"error","message":"Error trying to unprotected login","timestamp":"2025-12-18T03:00:18.862Z"}
{"level":"error","message":"Error trying to unprotected login","timestamp":"2025-12-18T03:01:20.955Z"}
{"level":"error","message":"Error trying to unprotected login","timestamp":"2025-12-18T03:02:30.145Z"}
{"level":"error","message":"Error trying to get unprotected current session","timestamp":"2025-12-18T03:09:46.294Z"}
{"level":"error","message":"Error trying to get unprotected current session","timestamp":"2025-12-18T03:10:15.518Z"}
{"level":"error","message":"Error trying to unprotected login","timestamp":"2025-12-18T03:11:24.515Z"}
{"level":"error","message":"Error trying to get unprotected current session","timestamp":"2025-12-18T03:12:06.797Z"}
{"level":"error","message":"Error trying to get unprotected current session","timestamp":"2025-12-18T03:12:28.887Z"}
{"level":"error","message":"Error trying to get unprotected current session","timestamp":"2025-12-18T03:12:59.276Z"}
{"level":"error","message":"Error trying to unprotected login","timestamp":"2025-12-18T03:13:25.605Z"}
{"level":"error","message":"Error trying to unprotected login","timestamp":"2025-12-18T03:13:56.542Z"}
{"level":"error","message":"Error trying to get unprotected current session","timestamp":"2025-12-18T03:14:11.611Z"}
{"level":"error","message":"Error trying to unprotected login","timestamp":"2025-12-18T03:14:42.935Z"}
{"level":"error","message":"Error trying to get user: InvalidUserID.","timestamp":"2025-12-18T03:49:19.392Z"}
{"level":"error","message":"Error trying to get user: InvalidUserID.","timestamp":"2025-12-18T03:50:00.265Z"}
